<?xml version="1.0" encoding="UTF-8"?>
<!-- Generated by org.testng.reporters.JUnitXMLReporter -->
<testsuite ignored="2" hostname="Trantor-LP375" failures="0" tests="4" name="APISmokeSuite" time="36.242" errors="0" timestamp="2024-08-13T20:34:12 IST">
  <testcase classname="LendingPointTestAutomation.apiTests.applyFundingFlow" name="qualifyAPITest" time="15.457"/>
  <testcase classname="LendingPointTestAutomation.apiTests.applyFundingFlow" name="saveOfferAPITest" time="13.451"/>
  <testcase classname="LendingPointTestAutomation.apiTests.applyFundingFlow" name="idologyAPITests" time="2.68"/>
  <testcase classname="LendingPointTestAutomation.apiTests.applyFundingFlow" name="saveLoanPaymentDetailAPITest" time="4.614"/>
  <testcase classname="LendingPointTestAutomation.apiTests.applyFundingFlow" name="saveEmploymentDetailAPITest" time="0.0">
    <ignored/>
  </testcase> <!-- saveEmploymentDetailAPITest -->
  <testcase classname="LendingPointTestAutomation.apiTests.applyFundingFlow" name="giactVerificationAPITest" time="0.0">
    <ignored/>
  </testcase> <!-- giactVerificationAPITest -->
</testsuite> <!-- APISmokeSuite -->
