<?xml version="1.0" encoding="UTF-8"?>
<testng-results ignored="0" total="1" passed="1" failed="0" skipped="0">
  <reporter-output>
  </reporter-output>
  <suite started-at="2024-08-16T19:21:19 IST" name="Default suite" finished-at="2024-08-16T19:24:35 IST" duration-ms="195774">
    <groups>
      <group name="Smoke">
        <method signature="OldApplyPageTests.fillApplyFormSuccess()[pri:0, instance:LendingPointTestAutomation.applyOldUITests.OldApplyPageTests@3c19aaa5]" name="fillApplyFormSuccess" class="LendingPointTestAutomation.applyOldUITests.OldApplyPageTests"/>
      </group> <!-- Smoke -->
    </groups>
    <test started-at="2024-08-16T19:21:19 IST" name="Default test" finished-at="2024-08-16T19:24:35 IST" duration-ms="195774">
      <class name="LendingPointTestAutomation.applyOldUITests.OldApplyPageTests">
        <test-method is-config="true" signature="loadConfig()[pri:0, instance:LendingPointTestAutomation.applyOldUITests.OldApplyPageTests@3c19aaa5]" started-at="2024-08-16T19:21:19 IST" name="loadConfig" finished-at="2024-08-16T19:21:19 IST" duration-ms="198" status="PASS">
          <reporter-output>
          </reporter-output>
        </test-method> <!-- loadConfig -->
        <test-method is-config="true" signature="launchApplication()[pri:0, instance:LendingPointTestAutomation.applyOldUITests.OldApplyPageTests@3c19aaa5]" started-at="2024-08-16T19:21:19 IST" name="launchApplication" finished-at="2024-08-16T19:21:26 IST" duration-ms="7031" status="PASS">
          <reporter-output>
          </reporter-output>
        </test-method> <!-- launchApplication -->
        <test-method signature="fillApplyFormSuccess()[pri:0, instance:LendingPointTestAutomation.applyOldUITests.OldApplyPageTests@3c19aaa5]" started-at="2024-08-16T19:21:26 IST" name="fillApplyFormSuccess" finished-at="2024-08-16T19:24:35 IST" duration-ms="188410" status="PASS">
          <reporter-output>
          </reporter-output>
        </test-method> <!-- fillApplyFormSuccess -->
        <test-method is-config="true" signature="tearDown()[pri:0, instance:LendingPointTestAutomation.applyOldUITests.OldApplyPageTests@3c19aaa5]" started-at="2024-08-16T19:24:35 IST" name="tearDown" finished-at="2024-08-16T19:24:35 IST" duration-ms="300" status="PASS">
          <reporter-output>
          </reporter-output>
        </test-method> <!-- tearDown -->
        <test-method is-config="true" signature="afterSuite()[pri:0, instance:LendingPointTestAutomation.applyOldUITests.OldApplyPageTests@3c19aaa5]" started-at="2024-08-16T19:24:35 IST" name="afterSuite" finished-at="2024-08-16T19:24:35 IST" duration-ms="2" status="PASS">
          <reporter-output>
          </reporter-output>
        </test-method> <!-- afterSuite -->
      </class> <!-- LendingPointTestAutomation.applyOldUITests.OldApplyPageTests -->
    </test> <!-- Default test -->
  </suite> <!-- Default suite -->
</testng-results>
